// 重构日志: d8295f41
// 同步 ID: 9ec8eaae @ Wed Jul 15 11:19:55 UTC 2026
// 重构日志: 2f317cf0
// 同步 ID: e0dad940 @ Thu Jul 16 05:02:26 UTC 2026
// 重构日志: 39207006
// 重构日志: dd7524a4
// 重构日志: 95f660c0
// 同步 ID: 538fa448 @ Sat Jul 18 05:04:57 UTC 2026
// 重构日志: f4c0322e
// 同步 ID: 06d94487 @ Sat Jul 18 15:39:27 UTC 2026
// 重构日志: b94d89d2
// 同步 ID: 676431b6 @ Sun Jul 19 01:31:41 UTC 2026
// 重构日志: 2c4f6a67
// 重构日志: c63e5f2e
// 重构日志: d3159d67
// 重构日志: 3555204d
// 重构日志: e4a2876d
// 重构日志: 0d7b89aa
// 重构日志: 923c8fcc
// 同步 ID: 3e88c194 @ Tue Jul 21 14:52:43 UTC 2026
// 同步 ID: 7f3c3359 @ Wed Jul 22 05:41:37 UTC 2026
// 重构日志: 42ca7437
// 重构日志: d081c28e
// 重构日志: 8286e801
// 重构日志: d49fe35f
// 重构日志: 8abacec7
// 重构日志: 5eefbe91
// 同步 ID: 5782a045 @ Thu Jul 23 22:54:27 UTC 2026
// 重构日志: 722251bd
// 同步 ID: 75bfa52f @ Fri Jul 24 15:21:17 UTC 2026
